<?xml version="1.0" encoding="UTF-8"?>
<testng-results skipped="0" failed="0" ignored="0" total="1" passed="1">
  <reporter-output>
  </reporter-output>
  <suite name="Default suite" duration-ms="7613" started-at="2020-04-08T20:33:17 IST" finished-at="2020-04-08T20:33:24 IST">
    <groups>
    </groups>
    <test name="Default test" duration-ms="7613" started-at="2020-04-08T20:33:17 IST" finished-at="2020-04-08T20:33:24 IST">
      <class name="com.example.testng.TestNGDemo.TestNgDemoApplicationTests">
        <test-method status="PASS" signature="springTestContextBeforeTestClass()[pri:0, instance:com.example.testng.TestNGDemo.TestNgDemoApplicationTests@236fd411]" name="springTestContextBeforeTestClass" is-config="true" duration-ms="104" started-at="2020-04-08T20:33:17 IST" finished-at="2020-04-08T20:33:17 IST">
          <reporter-output>
          </reporter-output>
        </test-method> <!-- springTestContextBeforeTestClass -->
        <test-method status="PASS" signature="springTestContextPrepareTestInstance()[pri:0, instance:com.example.testng.TestNGDemo.TestNgDemoApplicationTests@236fd411]" name="springTestContextPrepareTestInstance" is-config="true" duration-ms="6643" started-at="2020-04-08T20:33:17 IST" depends-on-methods="org.springframework.test.context.testng.AbstractTestNGSpringContextTests.springTestContextBeforeTestClass" finished-at="2020-04-08T20:33:23 IST">
          <reporter-output>
          </reporter-output>
        </test-method> <!-- springTestContextPrepareTestInstance -->
        <test-method status="PASS" signature="setup()[pri:0, instance:com.example.testng.TestNGDemo.TestNgDemoApplicationTests@236fd411]" name="setup" is-config="true" duration-ms="67" started-at="2020-04-08T20:33:23 IST" finished-at="2020-04-08T20:33:23 IST">
          <reporter-output>
          </reporter-output>
        </test-method> <!-- setup -->
        <test-method status="PASS" signature="springTestContextBeforeTestMethod(java.lang.reflect.Method)[pri:0, instance:com.example.testng.TestNGDemo.TestNgDemoApplicationTests@236fd411]" name="springTestContextBeforeTestMethod" is-config="true" duration-ms="14" started-at="2020-04-08T20:33:23 IST" finished-at="2020-04-08T20:33:23 IST">
          <params>
            <param index="0">
              <value>
                <![CDATA[public void com.example.testng.TestNGDemo.TestNgDemoApplicationTests.testEmployee() throws java.lang.Exception]]>
              </value>
            </param>
          </params>
          <reporter-output>
          </reporter-output>
        </test-method> <!-- springTestContextBeforeTestMethod -->
        <test-method status="PASS" signature="testEmployee()[pri:0, instance:com.example.testng.TestNGDemo.TestNgDemoApplicationTests@236fd411]" name="testEmployee" duration-ms="642" started-at="2020-04-08T20:33:23 IST" finished-at="2020-04-08T20:33:24 IST">
          <reporter-output>
          </reporter-output>
        </test-method> <!-- testEmployee -->
        <test-method status="PASS" signature="springTestContextAfterTestMethod(java.lang.reflect.Method)[pri:0, instance:com.example.testng.TestNGDemo.TestNgDemoApplicationTests@236fd411]" name="springTestContextAfterTestMethod" is-config="true" duration-ms="11" started-at="2020-04-08T20:33:24 IST" finished-at="2020-04-08T20:33:24 IST">
          <params>
            <param index="0">
              <value>
                <![CDATA[public void com.example.testng.TestNGDemo.TestNgDemoApplicationTests.testEmployee() throws java.lang.Exception]]>
              </value>
            </param>
          </params>
          <reporter-output>
          </reporter-output>
        </test-method> <!-- springTestContextAfterTestMethod -->
        <test-method status="PASS" signature="springTestContextAfterTestClass()[pri:0, instance:com.example.testng.TestNGDemo.TestNgDemoApplicationTests@236fd411]" name="springTestContextAfterTestClass" is-config="true" duration-ms="5" started-at="2020-04-08T20:33:24 IST" finished-at="2020-04-08T20:33:24 IST">
          <reporter-output>
          </reporter-output>
        </test-method> <!-- springTestContextAfterTestClass -->
      </class> <!-- com.example.testng.TestNGDemo.TestNgDemoApplicationTests -->
    </test> <!-- Default test -->
  </suite> <!-- Default suite -->
</testng-results>
